[debug] [2024-10-20T12:32:24.647Z] ----------------------------------------------------------------------
[debug] [2024-10-20T12:32:24.652Z] Command:       C:\Program Files\nodejs\Documents\node.exe C:\Users\Easy Services 2.0\AppData\Roaming\npm\node_modules\firebase-tools\lib\bin\firebase.js init
[debug] [2024-10-20T12:32:24.652Z] CLI Version:   13.22.1
[debug] [2024-10-20T12:32:24.652Z] Platform:      win32
[debug] [2024-10-20T12:32:24.653Z] Node Version:  v20.11.1
[debug] [2024-10-20T12:32:24.653Z] Time:          Sun Oct 20 2024 12:32:24 GMT+0000 (temps universel coordonné)
[debug] [2024-10-20T12:32:24.653Z] ----------------------------------------------------------------------
[debug] 
[debug] [2024-10-20T12:32:24.667Z] > command requires scopes: ["email","openid","https://www.googleapis.com/auth/cloudplatformprojects.readonly","https://www.googleapis.com/auth/firebase","https://www.googleapis.com/auth/cloud-platform"]
[debug] [2024-10-20T12:32:24.668Z] > authorizing via signed-in user (foulah18@gmail.com)
[info] 
     ######## #### ########  ######## ########     ###     ######  ########
     ##        ##  ##     ## ##       ##     ##  ##   ##  ##       ##
     ######    ##  ########  ######   ########  #########  ######  ######
     ##        ##  ##    ##  ##       ##     ## ##     ##       ## ##
     ##       #### ##     ## ######## ########  ##     ##  ######  ########

You're about to initialize a Firebase project in this directory:

  C:\Users\Easy Services 2.0\Documents\MyownTachewithAlkaly\firebase-react-app

[info] 
=== Project Setup
[info] 
[info] First, let's associate this project directory with a Firebase project.
[info] You can create multiple project aliases by running firebase use --add, 
[info] but for now we'll just set up a default project.
[info] 
[debug] [2024-10-20T12:35:45.881Z] Checked if tokens are valid: false, expires at: 1720184418719
[debug] [2024-10-20T12:35:45.881Z] Checked if tokens are valid: false, expires at: 1720184418719
[debug] [2024-10-20T12:35:45.882Z] > refreshing access token with scopes: []
[debug] [2024-10-20T12:35:45.885Z] >>> [apiv2][query] POST https://www.googleapis.com/oauth2/v3/token [none]
[debug] [2024-10-20T12:35:45.885Z] >>> [apiv2][body] POST https://www.googleapis.com/oauth2/v3/token [omitted]
[debug] [2024-10-20T12:35:46.403Z] <<< [apiv2][status] POST https://www.googleapis.com/oauth2/v3/token 200
[debug] [2024-10-20T12:35:46.403Z] <<< [apiv2][body] POST https://www.googleapis.com/oauth2/v3/token [omitted]
[debug] [2024-10-20T12:35:46.421Z] >>> [apiv2][query] GET https://firebase.googleapis.com/v1beta1/projects pageSize=100
[debug] [2024-10-20T12:35:47.120Z] <<< [apiv2][status] GET https://firebase.googleapis.com/v1beta1/projects 200
[debug] [2024-10-20T12:35:47.121Z] <<< [apiv2][body] GET https://firebase.googleapis.com/v1beta1/projects [omitted]
[info] i  Using project fir-course-f45cd (firebase-course) 
[info] 
=== Hosting Setup
[debug] [2024-10-20T12:38:14.409Z] Checked if tokens are valid: true, expires at: 1729431345404
[debug] [2024-10-20T12:38:14.409Z] Checked if tokens are valid: true, expires at: 1729431345404
[debug] [2024-10-20T12:38:14.409Z] >>> [apiv2][query] GET https://firebase.googleapis.com/v1beta1/projects/fir-course-f45cd [none]
[debug] [2024-10-20T12:38:14.873Z] <<< [apiv2][status] GET https://firebase.googleapis.com/v1beta1/projects/fir-course-f45cd 200
[debug] [2024-10-20T12:38:14.874Z] <<< [apiv2][body] GET https://firebase.googleapis.com/v1beta1/projects/fir-course-f45cd {"projectId":"fir-course-f45cd","projectNumber":"857765741425","displayName":"firebase-course","name":"projects/fir-course-f45cd","resources":{"hostingSite":"fir-course-f45cd","storageBucket":"fir-course-f45cd.appspot.com","locationId":"us-central"},"state":"ACTIVE","etag":"1_c04859d4-9f3b-4a0b-8a61-61a4f4dcf4cb"}
[info] 
[info] Your public directory is the folder (relative to your project directory) that
[info] will contain Hosting assets to be uploaded with firebase deploy. If you
[info] have a build process for your assets, use your build's output directory.
[info] 
[info] +  Wrote public/404.html 
[debug] [2024-10-20T12:40:59.235Z] >>> [apiv2][query] GET https://www.gstatic.com/firebasejs/releases.json [none]
[debug] [2024-10-20T12:40:59.506Z] <<< [apiv2][status] GET https://www.gstatic.com/firebasejs/releases.json 200
[debug] [2024-10-20T12:40:59.507Z] <<< [apiv2][body] GET https://www.gstatic.com/firebasejs/releases.json {"current":{"version":"10.14.1","browserURL":"https://www.gstatic.com/firebasejs/10.14.1/firebase.js","packageURL":"https://www.gstatic.com/firebasejs/10.14.1/firebase.tgz"},"live":{"version":"10.14","browserURL":"https://www.gstatic.com/firebasejs/live/10.14/firebase.js","packageURL":"https://www.gstatic.com/firebasejs/live/10.14/firebase.tgz"},"components":{"analytics":"https://www.gstatic.com/firebasejs/10.14.1/firebase-analytics.js","app":"https://www.gstatic.com/firebasejs/10.14.1/firebase-app.js","app-check":"https://www.gstatic.com/firebasejs/10.14.1/firebase-app-check.js","auth":"https://www.gstatic.com/firebasejs/10.14.1/firebase-auth.js","auth/cordova":"https://www.gstatic.com/firebasejs/10.14.1/firebase-auth/cordova.js","auth/web-extension":"https://www.gstatic.com/firebasejs/10.14.1/firebase-auth/web-extension.js","functions":"https://www.gstatic.com/firebasejs/10.14.1/firebase-functions.js","firestore":"https://www.gstatic.com/firebasejs/10.14.1/firebase-firestore.js","firestore/lite":"https://www.gstatic.com/firebasejs/10.14.1/firebase-firestore/lite.js","installations":"https://www.gstatic.com/firebasejs/10.14.1/firebase-installations.js","storage":"https://www.gstatic.com/firebasejs/10.14.1/firebase-storage.js","performance":"https://www.gstatic.com/firebasejs/10.14.1/firebase-performance.js","remote-config":"https://www.gstatic.com/firebasejs/10.14.1/firebase-remote-config.js","messaging":"https://www.gstatic.com/firebasejs/10.14.1/firebase-messaging.js","messaging/sw":"https://www.gstatic.com/firebasejs/10.14.1/firebase-messaging/sw.js","database":"https://www.gstatic.com/firebasejs/10.14.1/firebase-database.js","data-connect":"https://www.gstatic.com/firebasejs/10.14.1/firebase-data-connect.js","vertexai-preview":"https://www.gstatic.com/firebasejs/10.14.1/firebase-vertexai-preview.js","firestore.memory":"https://www.gstatic.com/firebasejs/10.14.1/firebase-firestore.memory.js"}}
[info] i  Skipping write of public/index.html 
[info] 
[info] i  Detected a .git folder at C:\Users\Easy Services 2.0\Documents\MyownTachewithAlkaly\firebase-react-app 
[info] i  Authorizing with GitHub to upload your service account to a GitHub repository's secrets store. 
[info] 
[info] Visit this URL on this device to log in:
[info] https://github.com/login/oauth/authorize?client_id=89cf50f02ac6aaed3484&state=1038373165&redirect_uri=http%3A%2F%2Flocalhost%3A9005&scope=read%3Auser%20repo%20public_repo
[info] 
[info] Waiting for authentication...
[debug] [2024-10-20T12:42:32.754Z] >>> [apiv2][query] POST https://github.com/login/oauth/access_token [none]
[debug] [2024-10-20T12:42:32.755Z] >>> [apiv2][body] POST https://github.com/login/oauth/access_token [stream]
[debug] [2024-10-20T12:42:33.313Z] <<< [apiv2][status] POST https://github.com/login/oauth/access_token 200
[debug] [2024-10-20T12:42:33.314Z] <<< [apiv2][body] POST https://github.com/login/oauth/access_token {"access_token":"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","token_type":"bearer","scope":"read:user,repo"}
[debug] [2024-10-20T12:42:33.330Z] >>> [apiv2][query] GET https://api.github.com/user [none]
[debug] [2024-10-20T12:42:33.990Z] <<< [apiv2][status] GET https://api.github.com/user 200
[debug] [2024-10-20T12:42:33.991Z] <<< [apiv2][body] GET https://api.github.com/user {"login":"MariamaBalde","id":111059701,"node_id":"U_kgDOBp6i9Q","avatar_url":"https://avatars.githubusercontent.com/u/111059701?v=4","gravatar_id":"","url":"https://api.github.com/users/MariamaBalde","html_url":"https://github.com/MariamaBalde","followers_url":"https://api.github.com/users/MariamaBalde/followers","following_url":"https://api.github.com/users/MariamaBalde/following{/other_user}","gists_url":"https://api.github.com/users/MariamaBalde/gists{/gist_id}","starred_url":"https://api.github.com/users/MariamaBalde/starred{/owner}{/repo}","subscriptions_url":"https://api.github.com/users/MariamaBalde/subscriptions","organizations_url":"https://api.github.com/users/MariamaBalde/orgs","repos_url":"https://api.github.com/users/MariamaBalde/repos","events_url":"https://api.github.com/users/MariamaBalde/events{/privacy}","received_events_url":"https://api.github.com/users/MariamaBalde/received_events","type":"User","user_view_type":"private","site_admin":false,"name":"Mariama Baldé","company":null,"blog":"","location":null,"email":null,"hireable":null,"bio":null,"twitter_username":null,"notification_email":null,"public_repos":67,"public_gists":0,"followers":0,"following":0,"created_at":"2022-08-11T11:54:24Z","updated_at":"2024-10-20T12:41:45Z","private_gists":0,"total_private_repos":0,"owned_private_repos":0,"disk_usage":78815,"collaborators":0,"two_factor_authentication":false,"plan":{"name":"free","space":976562499,"collaborators":0,"private_repos":10000}}
[info] 
[info] +  Success! Logged into GitHub as MariamaBalde 
[info] 
